<?xml version="1.0" encoding="UTF-8" ?>
<testsuite tests="6" failures="0" name="calculatorTest" time="0.009" errors="0" skipped="0">
  <properties>
[...]
</properties>
  <testcase classname="calculatorTest" name="testMax" time="0.005"/>
  <testcase classname="calculatorTest" name="testMin" time="0"/>
  <testcase classname="calculatorTest" name="testSum" time="0"/>
  <testcase classname="calculatorTest" name="testDivid" time="0"/>
  <testcase classname="calculatorTest" name="testMinus" time="0.001"/>
  <testcase classname="calculatorTest" name="testMultiply" time="0.003"/>
</testsuite>